<?xml version='1.0' encoding='UTF-8'?>
<testsuite hostname="Zurich-I" name="TestErroneousPrograms" tests="13" errors="0" failures="0" skipped="0" time="0.169" timestamp="2020-03-31T00:02:04">
                     <properties>
[...]
</properties>
                     <testcase classname="TestErroneousPrograms" name="test program 'dead_code_02'" time="0.112">
                                                 
                                               </testcase><testcase classname="TestErroneousPrograms" name="test program 'print_stmt_02'" time="0.001">
                                                 
                                               </testcase><testcase classname="TestErroneousPrograms" name="test program 'for_loop_01'" time="0.002">
                                                 
                                               </testcase><testcase classname="TestErroneousPrograms" name="test program 'keyword_01'" time="0.005">
                                                 
                                               </testcase><testcase classname="TestErroneousPrograms" name="test program 'brackets_02'" time="0.005">
                                                 
                                               </testcase><testcase classname="TestErroneousPrograms" name="test program 'print_stmt_01'" time="0.001">
                                                 
                                               </testcase><testcase classname="TestErroneousPrograms" name="test program 'elif_01'" time="0.002">
                                                 
                                               </testcase><testcase classname="TestErroneousPrograms" name="test program 'keyword_02'" time="0.028">
                                                 
                                               </testcase><testcase classname="TestErroneousPrograms" name="test program 'double_stmt_01'" time="0.002">
                                                 
                                               </testcase><testcase classname="TestErroneousPrograms" name="test program 'dead_code_03'" time="0.006">
                                                 
                                               </testcase><testcase classname="TestErroneousPrograms" name="test program 'dead_code_01'" time="0.002">
                                                 
                                               </testcase><testcase classname="TestErroneousPrograms" name="test program 'brackets_01'" time="0.001">
                                                 
                                               </testcase><testcase classname="TestErroneousPrograms" name="test program 'for_loop_02'" time="0.002">
                                                 
                                               </testcase>
                     <system-out><![CDATA[]]></system-out>
                     <system-err><![CDATA[]]></system-err>
                   </testsuite>