<?xml version='1.0' encoding='UTF-8'?>
<testsuite hostname="Mint-Lenovo" name="TestCorrectPrograms" tests="2" errors="0" failures="0" skipped="0" time="0.117" timestamp="2019-11-12T17:16:40">
                     <properties>
[...]
</properties>
                     <testcase classname="TestCorrectPrograms" name="test program 'for_loop_01'" time="0.101">
                                                 
                                               </testcase><testcase classname="TestCorrectPrograms" name="test program 'vigenere'" time="0.016">
                                                 
                                               </testcase>
                     <system-out><![CDATA[]]></system-out>
                     <system-err><![CDATA[]]></system-err>
                   </testsuite>